[debug] [2025-05-07T16:32:48.688Z] ----------------------------------------------------------------------
[debug] [2025-05-07T16:32:48.692Z] Command:       C:\nvm4w\nodejs\node.exe C:\Users\wanom\AppData\Roaming\npm\node_modules\firebase-tools\lib\bin\firebase.js init
[debug] [2025-05-07T16:32:48.692Z] CLI Version:   13.33.0
[debug] [2025-05-07T16:32:48.693Z] Platform:      win32
[debug] [2025-05-07T16:32:48.693Z] Node Version:  v22.11.0
[debug] [2025-05-07T16:32:48.693Z] Time:          Wed May 07 2025 18:32:48 GMT+0200 (Central European Summer Time)
[debug] [2025-05-07T16:32:48.693Z] ----------------------------------------------------------------------
[debug] 
[debug] [2025-05-07T16:32:48.704Z] > command requires scopes: ["email","openid","https://www.googleapis.com/auth/cloudplatformprojects.readonly","https://www.googleapis.com/auth/firebase","https://www.googleapis.com/auth/cloud-platform"]
[debug] [2025-05-07T16:32:48.705Z] > authorizing via signed-in user (mohamed.elabyad@prateducacio.com)
[info] 
     ######## #### ########  ######## ########     ###     ######  ########
     ##        ##  ##     ## ##       ##     ##  ##   ##  ##       ##
     ######    ##  ########  ######   ########  #########  ######  ######
     ##        ##  ##    ##  ##       ##     ## ##     ##       ## ##
     ##       #### ##     ## ######## ########  ##     ##  ######  ########

You're about to initialize a Firebase project in this directory:

  C:\Users\wanom\dam2\homecontrolm\homecontrol\frontend

[info] 
=== Project Setup
[info] 
[info] First, let's associate this project directory with a Firebase project.
[info] You can create multiple project aliases by running firebase use --add, 
[info] but for now we'll just set up a default project.
[info] 
[debug] [2025-05-07T16:35:36.311Z] Checked if tokens are valid: false, expires at: 1740068835868
[debug] [2025-05-07T16:35:36.311Z] Checked if tokens are valid: false, expires at: 1740068835868
[debug] [2025-05-07T16:35:36.312Z] > refreshing access token with scopes: []
[debug] [2025-05-07T16:35:36.314Z] >>> [apiv2][query] POST https://www.googleapis.com/oauth2/v3/token [none]
[debug] [2025-05-07T16:35:36.314Z] >>> [apiv2][body] POST https://www.googleapis.com/oauth2/v3/token [omitted]
[debug] [2025-05-07T16:35:36.677Z] <<< [apiv2][status] POST https://www.googleapis.com/oauth2/v3/token 200
[debug] [2025-05-07T16:35:36.677Z] <<< [apiv2][body] POST https://www.googleapis.com/oauth2/v3/token [omitted]
[debug] [2025-05-07T16:35:36.719Z] >>> [apiv2][query] GET https://firebase.googleapis.com/v1beta1/projects pageSize=100
[debug] [2025-05-07T16:35:37.510Z] <<< [apiv2][status] GET https://firebase.googleapis.com/v1beta1/projects 200
[debug] [2025-05-07T16:35:37.510Z] <<< [apiv2][body] GET https://firebase.googleapis.com/v1beta1/projects [omitted]
[info] i  Using project homecontrol-dac34 (HomeControl) 
[info] 
=== Firestore Setup
[debug] [2025-05-07T16:35:45.654Z] Checked if tokens are valid: true, expires at: 1746639335677
[debug] [2025-05-07T16:35:45.655Z] Checked if tokens are valid: true, expires at: 1746639335677
[debug] [2025-05-07T16:35:45.655Z] >>> [apiv2][query] GET https://serviceusage.googleapis.com/v1/projects/homecontrol-dac34/services/firestore.googleapis.com [none]
[debug] [2025-05-07T16:35:45.655Z] >>> [apiv2][(partial)header] GET https://serviceusage.googleapis.com/v1/projects/homecontrol-dac34/services/firestore.googleapis.com x-goog-quota-user=projects/homecontrol-dac34
[debug] [2025-05-07T16:35:46.797Z] <<< [apiv2][status] GET https://serviceusage.googleapis.com/v1/projects/homecontrol-dac34/services/firestore.googleapis.com 200
[debug] [2025-05-07T16:35:46.797Z] <<< [apiv2][body] GET https://serviceusage.googleapis.com/v1/projects/homecontrol-dac34/services/firestore.googleapis.com [omitted]
[debug] [2025-05-07T16:35:46.797Z] Checked if tokens are valid: true, expires at: 1746639335677
[debug] [2025-05-07T16:35:46.797Z] Checked if tokens are valid: true, expires at: 1746639335677
[debug] [2025-05-07T16:35:46.797Z] >>> [apiv2][query] GET https://firestore.googleapis.com/v1/projects/homecontrol-dac34/databases/(default) [none]
[debug] [2025-05-07T16:35:47.876Z] <<< [apiv2][status] GET https://firestore.googleapis.com/v1/projects/homecontrol-dac34/databases/(default) 200
[debug] [2025-05-07T16:35:47.877Z] <<< [apiv2][body] GET https://firestore.googleapis.com/v1/projects/homecontrol-dac34/databases/(default) {"name":"projects/homecontrol-dac34/databases/(default)","uid":"41af962d-d929-4674-aaf2-6a64d9356384","createTime":"2025-04-29T14:00:14.318526Z","updateTime":"2025-04-29T14:00:14.318526Z","locationId":"nam5","type":"FIRESTORE_NATIVE","concurrencyMode":"PESSIMISTIC","versionRetentionPeriod":"3600s","earliestVersionTime":"2025-05-07T15:35:11.797957Z","appEngineIntegrationMode":"DISABLED","keyPrefix":"s","pointInTimeRecoveryEnablement":"POINT_IN_TIME_RECOVERY_DISABLED","deleteProtectionState":"DELETE_PROTECTION_DISABLED","databaseEdition":"STANDARD","freeTier":true,"etag":"II2xnYnlkY0DMLC8z/a3/YwD"}
[debug] [2025-05-07T16:35:47.877Z] database_type: FIRESTORE_NATIVE
[debug] [2025-05-07T16:35:47.877Z] database_type: FIRESTORE_NATIVE
[debug] [2025-05-07T16:35:47.877Z] > command requires scopes: ["email","openid","https://www.googleapis.com/auth/cloudplatformprojects.readonly","https://www.googleapis.com/auth/firebase","https://www.googleapis.com/auth/cloud-platform"]
[debug] [2025-05-07T16:35:47.878Z] > authorizing via signed-in user (mohamed.elabyad@prateducacio.com)
[debug] [2025-05-07T16:35:47.878Z] [iam] checking project homecontrol-dac34 for permissions ["firebase.projects.get"]
[debug] [2025-05-07T16:35:47.878Z] Checked if tokens are valid: true, expires at: 1746639335677
[debug] [2025-05-07T16:35:47.878Z] Checked if tokens are valid: true, expires at: 1746639335677
[debug] [2025-05-07T16:35:47.879Z] >>> [apiv2][query] POST https://cloudresourcemanager.googleapis.com/v1/projects/homecontrol-dac34:testIamPermissions [none]
[debug] [2025-05-07T16:35:47.879Z] >>> [apiv2][(partial)header] POST https://cloudresourcemanager.googleapis.com/v1/projects/homecontrol-dac34:testIamPermissions x-goog-quota-user=projects/homecontrol-dac34
[debug] [2025-05-07T16:35:47.879Z] >>> [apiv2][body] POST https://cloudresourcemanager.googleapis.com/v1/projects/homecontrol-dac34:testIamPermissions {"permissions":["firebase.projects.get"]}
[debug] [2025-05-07T16:35:48.328Z] <<< [apiv2][status] POST https://cloudresourcemanager.googleapis.com/v1/projects/homecontrol-dac34:testIamPermissions 200
[debug] [2025-05-07T16:35:48.328Z] <<< [apiv2][body] POST https://cloudresourcemanager.googleapis.com/v1/projects/homecontrol-dac34:testIamPermissions {"permissions":["firebase.projects.get"]}
[info] 
[info] Firestore Security Rules allow you to define how and when to allow
[info] requests. You can keep these rules in your project directory
[info] and publish them with firebase deploy.
[info] 
[debug] [2025-05-07T16:35:54.668Z] Checked if tokens are valid: true, expires at: 1746639335677
[debug] [2025-05-07T16:35:54.668Z] Checked if tokens are valid: true, expires at: 1746639335677
[debug] [2025-05-07T16:35:54.668Z] >>> [apiv2][query] GET https://firebaserules.googleapis.com/v1/projects/homecontrol-dac34/releases pageSize=10&pageToken=
[debug] [2025-05-07T16:35:55.713Z] <<< [apiv2][status] GET https://firebaserules.googleapis.com/v1/projects/homecontrol-dac34/releases 200
[debug] [2025-05-07T16:35:55.714Z] <<< [apiv2][body] GET https://firebaserules.googleapis.com/v1/projects/homecontrol-dac34/releases {"releases":[{"name":"projects/homecontrol-dac34/releases/cloud.firestore","rulesetName":"projects/homecontrol-dac34/rulesets/76774828-4084-4a16-879d-57af5d6da26f","createTime":"2025-04-29T14:00:22.257217Z","updateTime":"2025-04-29T15:48:38.261731Z"}]}
[debug] [2025-05-07T16:35:55.714Z] Found ruleset: projects/homecontrol-dac34/rulesets/76774828-4084-4a16-879d-57af5d6da26f
[debug] [2025-05-07T16:35:55.714Z] Checked if tokens are valid: true, expires at: 1746639335677
[debug] [2025-05-07T16:35:55.714Z] Checked if tokens are valid: true, expires at: 1746639335677
[debug] [2025-05-07T16:35:55.714Z] >>> [apiv2][query] GET https://firebaserules.googleapis.com/v1/projects/homecontrol-dac34/rulesets/76774828-4084-4a16-879d-57af5d6da26f [none]
[debug] [2025-05-07T16:35:56.460Z] <<< [apiv2][status] GET https://firebaserules.googleapis.com/v1/projects/homecontrol-dac34/rulesets/76774828-4084-4a16-879d-57af5d6da26f 200
[debug] [2025-05-07T16:35:56.460Z] <<< [apiv2][body] GET https://firebaserules.googleapis.com/v1/projects/homecontrol-dac34/rulesets/76774828-4084-4a16-879d-57af5d6da26f [omitted]
[info] 
[info] Firestore indexes allow you to perform complex queries while
[info] maintaining performance that scales with the size of the result
[info] set. You can keep index definitions in your project directory
[info] and publish them with firebase deploy.
[info] 
[debug] [2025-05-07T16:36:01.762Z] Checked if tokens are valid: true, expires at: 1746639335677
[debug] [2025-05-07T16:36:01.763Z] Checked if tokens are valid: true, expires at: 1746639335677
[debug] [2025-05-07T16:36:01.763Z] Checked if tokens are valid: true, expires at: 1746639335677
[debug] [2025-05-07T16:36:01.763Z] Checked if tokens are valid: true, expires at: 1746639335677
[debug] [2025-05-07T16:36:01.763Z] >>> [apiv2][query] GET https://firestore.googleapis.com/v1/projects/homecontrol-dac34/databases/(default)/collectionGroups/-/indexes [none]
[debug] [2025-05-07T16:36:01.765Z] >>> [apiv2][query] GET https://firestore.googleapis.com/v1/projects/homecontrol-dac34/databases/(default)/collectionGroups/-/fields?filter=indexConfig.usesAncestorConfig=false OR ttlConfig:* [none]
[debug] [2025-05-07T16:36:02.698Z] <<< [apiv2][status] GET https://firestore.googleapis.com/v1/projects/homecontrol-dac34/databases/(default)/collectionGroups/-/indexes 200
[debug] [2025-05-07T16:36:02.698Z] <<< [apiv2][body] GET https://firestore.googleapis.com/v1/projects/homecontrol-dac34/databases/(default)/collectionGroups/-/indexes {}
[debug] [2025-05-07T16:36:02.709Z] <<< [apiv2][status] GET https://firestore.googleapis.com/v1/projects/homecontrol-dac34/databases/(default)/collectionGroups/-/fields?filter=indexConfig.usesAncestorConfig=false OR ttlConfig:* 200
[debug] [2025-05-07T16:36:02.709Z] <<< [apiv2][body] GET https://firestore.googleapis.com/v1/projects/homecontrol-dac34/databases/(default)/collectionGroups/-/fields?filter=indexConfig.usesAncestorConfig=false OR ttlConfig:* {"fields":[{"name":"projects/homecontrol-dac34/databases/(default)/collectionGroups/__default__/fields/*","indexConfig":{"indexes":[{"queryScope":"COLLECTION","fields":[{"fieldPath":"*","order":"ASCENDING"}],"state":"READY"},{"queryScope":"COLLECTION","fields":[{"fieldPath":"*","order":"DESCENDING"}],"state":"READY"},{"queryScope":"COLLECTION","fields":[{"fieldPath":"*","arrayConfig":"CONTAINS"}],"state":"READY"}]}}]}
[info] 
=== Hosting Setup
[debug] [2025-05-07T16:36:02.712Z] Checked if tokens are valid: true, expires at: 1746639335677
[debug] [2025-05-07T16:36:02.712Z] Checked if tokens are valid: true, expires at: 1746639335677
[debug] [2025-05-07T16:36:02.713Z] >>> [apiv2][query] GET https://firebase.googleapis.com/v1beta1/projects/homecontrol-dac34 [none]
[debug] [2025-05-07T16:36:03.224Z] <<< [apiv2][status] GET https://firebase.googleapis.com/v1beta1/projects/homecontrol-dac34 200
[debug] [2025-05-07T16:36:03.224Z] <<< [apiv2][body] GET https://firebase.googleapis.com/v1beta1/projects/homecontrol-dac34 {"projectId":"homecontrol-dac34","projectNumber":"860531471097","displayName":"HomeControl","name":"projects/homecontrol-dac34","resources":{"hostingSite":"homecontrol-dac34"},"state":"ACTIVE","etag":"1_4ba49f18-e94f-41df-9988-9a236abd6c55"}
[info] 
[info] Your public directory is the folder (relative to your project directory) that
[info] will contain Hosting assets to be uploaded with firebase deploy. If you
[info] have a build process for your assets, use your build's output directory.
[info] 
[debug] [2025-05-07T16:36:14.352Z] >>> [apiv2][query] GET https://www.gstatic.com/firebasejs/releases.json [none]
[debug] [2025-05-07T16:36:14.697Z] <<< [apiv2][status] GET https://www.gstatic.com/firebasejs/releases.json 200
[debug] [2025-05-07T16:36:14.697Z] <<< [apiv2][body] GET https://www.gstatic.com/firebasejs/releases.json {"current":{"version":"11.6.1","browserURL":"https://www.gstatic.com/firebasejs/11.6.1/firebase.js","packageURL":"https://www.gstatic.com/firebasejs/11.6.1/firebase.tgz"},"live":{"version":"11.6","browserURL":"https://www.gstatic.com/firebasejs/live/11.6/firebase.js","packageURL":"https://www.gstatic.com/firebasejs/live/11.6/firebase.tgz"},"components":{"analytics":"https://www.gstatic.com/firebasejs/11.6.1/firebase-analytics.js","app":"https://www.gstatic.com/firebasejs/11.6.1/firebase-app.js","app-check":"https://www.gstatic.com/firebasejs/11.6.1/firebase-app-check.js","auth":"https://www.gstatic.com/firebasejs/11.6.1/firebase-auth.js","auth/cordova":"https://www.gstatic.com/firebasejs/11.6.1/firebase-auth/cordova.js","auth/web-extension":"https://www.gstatic.com/firebasejs/11.6.1/firebase-auth/web-extension.js","functions":"https://www.gstatic.com/firebasejs/11.6.1/firebase-functions.js","firestore":"https://www.gstatic.com/firebasejs/11.6.1/firebase-firestore.js","firestore/lite":"https://www.gstatic.com/firebasejs/11.6.1/firebase-firestore/lite.js","installations":"https://www.gstatic.com/firebasejs/11.6.1/firebase-installations.js","storage":"https://www.gstatic.com/firebasejs/11.6.1/firebase-storage.js","performance":"https://www.gstatic.com/firebasejs/11.6.1/firebase-performance.js","remote-config":"https://www.gstatic.com/firebasejs/11.6.1/firebase-remote-config.js","messaging":"https://www.gstatic.com/firebasejs/11.6.1/firebase-messaging.js","messaging/sw":"https://www.gstatic.com/firebasejs/11.6.1/firebase-messaging/sw.js","database":"https://www.gstatic.com/firebasejs/11.6.1/firebase-database.js","vertexai":"https://www.gstatic.com/firebasejs/11.6.1/firebase-vertexai.js","data-connect":"https://www.gstatic.com/firebasejs/11.6.1/firebase-data-connect.js","firestore.memory":"https://www.gstatic.com/firebasejs/11.6.1/firebase-firestore.memory.js"}}
[info] +  Wrote public/index.html 
[info] 
[info] i  Detected a .git folder at C:\Users\wanom\dam2\homecontrolm\homecontrol 
[info] i  Authorizing with GitHub to upload your service account to a GitHub repository's secrets store. 
[info] 
[info] Visit this URL on this device to log in:
[info] https://github.com/login/oauth/authorize?client_id=89cf50f02ac6aaed3484&state=820215288&redirect_uri=http%3A%2F%2Flocalhost%3A9005&scope=read%3Auser%20repo%20public_repo
[info] 
[info] Waiting for authentication...
[debug] [2025-05-07T16:36:21.959Z] >>> [apiv2][query] POST https://github.com/login/oauth/access_token [none]
[debug] [2025-05-07T16:36:21.959Z] >>> [apiv2][body] POST https://github.com/login/oauth/access_token [stream]
[debug] [2025-05-07T16:36:22.453Z] <<< [apiv2][status] POST https://github.com/login/oauth/access_token 200
[debug] [2025-05-07T16:36:22.453Z] <<< [apiv2][body] POST https://github.com/login/oauth/access_token {"access_token":"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","token_type":"bearer","scope":"read:user,repo"}
[debug] [2025-05-07T16:36:22.459Z] >>> [apiv2][query] GET https://api.github.com/user [none]
[debug] [2025-05-07T16:36:23.343Z] <<< [apiv2][status] GET https://api.github.com/user 200
[debug] [2025-05-07T16:36:23.343Z] <<< [apiv2][body] GET https://api.github.com/user {"login":"mohamedelabyad56","id":146224380,"node_id":"U_kgDOCLc0_A","avatar_url":"https://avatars.githubusercontent.com/u/146224380?v=4","gravatar_id":"","url":"https://api.github.com/users/mohamedelabyad56","html_url":"https://github.com/mohamedelabyad56","followers_url":"https://api.github.com/users/mohamedelabyad56/followers","following_url":"https://api.github.com/users/mohamedelabyad56/following{/other_user}","gists_url":"https://api.github.com/users/mohamedelabyad56/gists{/gist_id}","starred_url":"https://api.github.com/users/mohamedelabyad56/starred{/owner}{/repo}","subscriptions_url":"https://api.github.com/users/mohamedelabyad56/subscriptions","organizations_url":"https://api.github.com/users/mohamedelabyad56/orgs","repos_url":"https://api.github.com/users/mohamedelabyad56/repos","events_url":"https://api.github.com/users/mohamedelabyad56/events{/privacy}","received_events_url":"https://api.github.com/users/mohamedelabyad56/received_events","type":"User","user_view_type":"private","site_admin":false,"name":null,"company":null,"blog":"","location":null,"email":null,"hireable":null,"bio":null,"twitter_username":null,"notification_email":null,"public_repos":10,"public_gists":0,"followers":0,"following":1,"created_at":"2023-09-27T16:05:58Z","updated_at":"2025-04-27T16:48:39Z","private_gists":0,"total_private_repos":5,"owned_private_repos":5,"disk_usage":334621,"collaborators":2,"two_factor_authentication":true,"plan":{"name":"free","space":976562499,"collaborators":0,"private_repos":10000}}
[info] 
[info] +  Success! Logged into GitHub as mohamedelabyad56 
[info] 
[debug] [2025-05-07T16:37:43.819Z] ----------------------------------------------------------------------
[debug] [2025-05-07T16:37:43.823Z] Command:       C:\nvm4w\nodejs\node.exe C:\Users\wanom\AppData\Roaming\npm\node_modules\firebase-tools\lib\bin\firebase.js init
[debug] [2025-05-07T16:37:43.823Z] CLI Version:   13.33.0
[debug] [2025-05-07T16:37:43.824Z] Platform:      win32
[debug] [2025-05-07T16:37:43.824Z] Node Version:  v22.11.0
[debug] [2025-05-07T16:37:43.824Z] Time:          Wed May 07 2025 18:37:43 GMT+0200 (Central European Summer Time)
[debug] [2025-05-07T16:37:43.824Z] ----------------------------------------------------------------------
[debug] 
[debug] [2025-05-07T16:37:43.838Z] > command requires scopes: ["email","openid","https://www.googleapis.com/auth/cloudplatformprojects.readonly","https://www.googleapis.com/auth/firebase","https://www.googleapis.com/auth/cloud-platform"]
[debug] [2025-05-07T16:37:43.838Z] > authorizing via signed-in user (mohamed.elabyad@prateducacio.com)
[info] 
     ######## #### ########  ######## ########     ###     ######  ########
     ##        ##  ##     ## ##       ##     ##  ##   ##  ##       ##
     ######    ##  ########  ######   ########  #########  ######  ######
     ##        ##  ##    ##  ##       ##     ## ##     ##       ## ##
     ##       #### ##     ## ######## ########  ##     ##  ######  ########

You're about to initialize a Firebase project in this directory:

  C:\Users\wanom\dam2\homecontrolm\homecontrol\frontend

[info] 
=== Project Setup
[info] 
[info] First, let's associate this project directory with a Firebase project.
[info] You can create multiple project aliases by running firebase use --add, 
[info] but for now we'll just set up a default project.
[info] 
[debug] [2025-05-07T16:37:56.855Z] Checked if tokens are valid: true, expires at: 1746639335677
[debug] [2025-05-07T16:37:56.855Z] Checked if tokens are valid: true, expires at: 1746639335677
[debug] [2025-05-07T16:37:56.857Z] >>> [apiv2][query] GET https://firebase.googleapis.com/v1beta1/projects pageSize=100
[debug] [2025-05-07T16:37:57.838Z] <<< [apiv2][status] GET https://firebase.googleapis.com/v1beta1/projects 200
[debug] [2025-05-07T16:37:57.838Z] <<< [apiv2][body] GET https://firebase.googleapis.com/v1beta1/projects [omitted]
[info] i  Using project homecontrol-dac34 (HomeControl) 
[info] 
=== Hosting Setup
[debug] [2025-05-07T16:38:00.807Z] Checked if tokens are valid: true, expires at: 1746639335677
[debug] [2025-05-07T16:38:00.807Z] Checked if tokens are valid: true, expires at: 1746639335677
[debug] [2025-05-07T16:38:00.807Z] >>> [apiv2][query] GET https://firebase.googleapis.com/v1beta1/projects/homecontrol-dac34 [none]
[debug] [2025-05-07T16:38:01.200Z] <<< [apiv2][status] GET https://firebase.googleapis.com/v1beta1/projects/homecontrol-dac34 200
[debug] [2025-05-07T16:38:01.200Z] <<< [apiv2][body] GET https://firebase.googleapis.com/v1beta1/projects/homecontrol-dac34 {"projectId":"homecontrol-dac34","projectNumber":"860531471097","displayName":"HomeControl","name":"projects/homecontrol-dac34","resources":{"hostingSite":"homecontrol-dac34"},"state":"ACTIVE","etag":"1_4ba49f18-e94f-41df-9988-9a236abd6c55"}
[info] 
[info] Your public directory is the folder (relative to your project directory) that
[info] will contain Hosting assets to be uploaded with firebase deploy. If you
[info] have a build process for your assets, use your build's output directory.
[info] 
